This file contains any messages produced by compilers while
running configure, to aid debugging if configure makes a mistake.

It was created by policy-rc.d configure 0.0.1, which was
generated by GNU Autoconf 2.68.  Invocation command line was

  $ ./configure --build=x86_64-linux-gnu --prefix=/usr --includedir=${prefix}/include --mandir=${prefix}/share/man --infodir=${prefix}/share/info --sysconfdir=/etc --localstatedir=/var --libexecdir=${prefix}/lib/policy-rc.d --disable-maintainer-mode --disable-dependency-tracking

## --------- ##
## Platform. ##
## --------- ##

hostname = sputnik
uname -m = x86_64
uname -r = 3.2.0-33-generic
uname -s = Linux
uname -v = #52+kamal11~DellXPS-Ubuntu SMP Wed Oct 24 00:14:47 UTC 2012

/usr/bin/uname -p = unknown
/bin/uname -X     = unknown

/bin/arch              = unknown
/usr/bin/arch -k       = unknown
/usr/convex/getsysinfo = unknown
/usr/bin/hostinfo      = unknown
/bin/machine           = unknown
/usr/bin/oslevel       = unknown
/bin/universe          = unknown

PATH: /usr/sbin
PATH: /usr/bin
PATH: /sbin
PATH: /bin
PATH: /usr/bin/X11


## ----------- ##
## Core tests. ##
## ----------- ##

configure:1724: checking for a BSD-compatible install
configure:1792: result: /usr/bin/install -c
configure:1803: checking whether build environment is sane
configure:1853: result: yes
configure:1994: checking for a thread-safe mkdir -p
configure:2033: result: /bin/mkdir -p
configure:2046: checking for gawk
configure:2062: found /usr/bin/gawk
configure:2073: result: gawk
configure:2084: checking whether make sets $(MAKE)
configure:2106: result: yes
configure:2339: creating ./config.status

## ---------------------- ##
## Running config.status. ##
## ---------------------- ##

This file was extended by policy-rc.d config.status 0.0.1, which was
generated by GNU Autoconf 2.68.  Invocation command line was

  CONFIG_FILES    = 
  CONFIG_HEADERS  = 
  CONFIG_LINKS    = 
  CONFIG_COMMANDS = 
  $ ./config.status 

on sputnik

config.status:751: creating Makefile
config.status:751: creating scripts/Makefile
configure:3367: WARNING: unrecognized options: --disable-maintainer-mode, --disable-dependency-tracking
configure:3534: creating ./config.status

## ---------------------- ##
## Running config.status. ##
## ---------------------- ##

This file was extended by policy-rc.d config.status 0.0.1, which was
generated by GNU Autoconf 2.68.  Invocation command line was

  CONFIG_FILES    = 
  CONFIG_HEADERS  = 
  CONFIG_LINKS    = 
  CONFIG_COMMANDS = 
  $ ./config.status 

on sputnik

config.status:751: creating Makefile
config.status:751: creating scripts/Makefile
configure:4562: WARNING: unrecognized options: --disable-maintainer-mode, --disable-dependency-tracking

## ---------------- ##
## Cache variables. ##
## ---------------- ##

ac_cv_env_build_alias_set=set
ac_cv_env_build_alias_value=x86_64-linux-gnu
ac_cv_env_host_alias_set=
ac_cv_env_host_alias_value=
ac_cv_env_target_alias_set=
ac_cv_env_target_alias_value=
ac_cv_path_install='/usr/bin/install -c'
ac_cv_path_mkdir=/bin/mkdir
ac_cv_prog_AWK=gawk
ac_cv_prog_make_make_set=yes

## ----------------- ##
## Output variables. ##
## ----------------- ##

ACLOCAL='${SHELL} /home/geoffp/Projects/policy-rc.d/missing --run aclocal-1.11'
AMTAR='$${TAR-tar}'
AUTOCONF='${SHELL} /home/geoffp/Projects/policy-rc.d/missing --run autoconf'
AUTOHEADER='${SHELL} /home/geoffp/Projects/policy-rc.d/missing --run autoheader'
AUTOMAKE='${SHELL} /home/geoffp/Projects/policy-rc.d/missing --run automake-1.11'
AWK='gawk'
CYGPATH_W='echo'
DEFS='-DPACKAGE_NAME=\"policy-rc.d\" -DPACKAGE_TARNAME=\"policy-rc-d\" -DPACKAGE_VERSION=\"0.0.1\" -DPACKAGE_STRING=\"policy-rc.d\ 0.0.1\" -DPACKAGE_BUGREPORT=\"geoffp@wikia-inc.com\" -DPACKAGE_URL=\"\" -DPACKAGE=\"policy-rc.d\" -DVERSION=\"0.0.1\"'
ECHO_C=''
ECHO_N='-n'
ECHO_T=''
INSTALL_DATA='${INSTALL} -m 644'
INSTALL_PROGRAM='${INSTALL}'
INSTALL_SCRIPT='${INSTALL}'
INSTALL_STRIP_PROGRAM='$(install_sh) -c -s'
LIBOBJS=''
LIBS=''
LTLIBOBJS=''
MAKEINFO='${SHELL} /home/geoffp/Projects/policy-rc.d/missing --run makeinfo'
MKDIR_P='/bin/mkdir -p'
PACKAGE='policy-rc.d'
PACKAGE_BUGREPORT='geoffp@wikia-inc.com'
PACKAGE_NAME='policy-rc.d'
PACKAGE_STRING='policy-rc.d 0.0.1'
PACKAGE_TARNAME='policy-rc-d'
PACKAGE_URL=''
PACKAGE_VERSION='0.0.1'
PATH_SEPARATOR=':'
SET_MAKE=''
SHELL='/bin/bash'
STRIP=''
VERSION='0.0.1'
am__isrc=''
am__leading_dot='.'
am__tar='$${TAR-tar} chof - "$$tardir"'
am__untar='$${TAR-tar} xf -'
bindir='${exec_prefix}/bin'
build_alias='x86_64-linux-gnu'
datadir='${datarootdir}'
datarootdir='${prefix}/share'
docdir='${datarootdir}/doc/${PACKAGE_TARNAME}'
dvidir='${docdir}'
exec_prefix='${prefix}'
host_alias=''
htmldir='${docdir}'
includedir='${prefix}/include'
infodir='${prefix}/share/info'
install_sh='${SHELL} /home/geoffp/Projects/policy-rc.d/install-sh'
libdir='${exec_prefix}/lib'
libexecdir='${prefix}/lib/policy-rc.d'
localedir='${datarootdir}/locale'
localstatedir='/var'
mandir='${prefix}/share/man'
mkdir_p='/bin/mkdir -p'
oldincludedir='/usr/include'
pdfdir='${docdir}'
prefix='/usr'
program_transform_name='s,x,x,'
psdir='${docdir}'
sbindir='${exec_prefix}/sbin'
sharedstatedir='${prefix}/com'
sysconfdir='/etc'
target_alias=''

## ----------- ##
## confdefs.h. ##
## ----------- ##

/* confdefs.h */
#define PACKAGE_NAME "policy-rc.d"
#define PACKAGE_TARNAME "policy-rc-d"
#define PACKAGE_VERSION "0.0.1"
#define PACKAGE_STRING "policy-rc.d 0.0.1"
#define PACKAGE_BUGREPORT "geoffp@wikia-inc.com"
#define PACKAGE_URL ""
#define PACKAGE "policy-rc.d"
#define VERSION "0.0.1"

configure: exit 0
